2020-08-16 00:04:25,367 INFO org.springframework.boot.StartupInfoLogger [restartedMain] Starting SpringBootMainApplication on INM20228 with PID 18572 (C:\Projects\MyProjects\Mongo\target\classes started by ks5 in C:\Projects\MyProjects\Mongo)
2020-08-16 00:04:25,380 INFO org.springframework.boot.SpringApplication [restartedMain] No active profile set, falling back to default profiles: default
2020-08-16 00:04:25,601 INFO org.springframework.boot.logging.DeferredLog [restartedMain] Devtools property defaults active! Set 'spring.devtools.add-properties' to 'false' to disable
2020-08-16 00:04:25,603 INFO org.springframework.boot.logging.DeferredLog [restartedMain] For additional web related logging consider setting the 'logging.level.web' property to 'DEBUG'
2020-08-16 00:04:28,959 INFO org.springframework.data.repository.config.RepositoryConfigurationDelegate [restartedMain] Bootstrapping Spring Data MongoDB repositories in DEFAULT mode.
2020-08-16 00:04:29,205 INFO org.springframework.data.repository.config.RepositoryConfigurationDelegate [restartedMain] Finished Spring Data repository scanning in 233ms. Found 1 MongoDB repository interfaces.
2020-08-16 00:04:30,756 INFO org.springframework.boot.web.embedded.tomcat.TomcatWebServer [restartedMain] Tomcat initialized with port(s): 8080 (http)
2020-08-16 00:04:30,779 INFO org.apache.juli.logging.DirectJDKLog [restartedMain] Initializing ProtocolHandler ["http-nio-8080"]
2020-08-16 00:04:30,781 INFO org.apache.juli.logging.DirectJDKLog [restartedMain] Starting service [Tomcat]
2020-08-16 00:04:30,782 INFO org.apache.juli.logging.DirectJDKLog [restartedMain] Starting Servlet engine: [Apache Tomcat/9.0.37]
2020-08-16 00:04:31,032 INFO org.apache.juli.logging.DirectJDKLog [restartedMain] Initializing Spring embedded WebApplicationContext
2020-08-16 00:04:31,033 INFO org.springframework.boot.web.servlet.context.ServletWebServerApplicationContext [restartedMain] Root WebApplicationContext: initialization completed in 5429 ms
2020-08-16 00:04:31,943 INFO com.mongodb.diagnostics.logging.SLF4JLogger [restartedMain] Cluster created with settings {hosts=[localhost:27017], mode=SINGLE, requiredClusterType=UNKNOWN, serverSelectionTimeout='30000 ms'}
2020-08-16 00:04:32,097 INFO com.mongodb.diagnostics.logging.SLF4JLogger [cluster-ClusterId{value='5f382ab7fa9682657e7fb9da', description='null'}-localhost:27017] Opened connection [connectionId{localValue:1, serverValue:243}] to localhost:27017
2020-08-16 00:04:32,107 INFO com.mongodb.diagnostics.logging.SLF4JLogger [cluster-ClusterId{value='5f382ab7fa9682657e7fb9da', description='null'}-localhost:27017] Monitor thread successfully connected to server with description ServerDescription{address=localhost:27017, type=STANDALONE, state=CONNECTED, ok=true, minWireVersion=0, maxWireVersion=9, maxDocumentSize=16777216, logicalSessionTimeoutMinutes=30, roundTripTimeNanos=6205500}
2020-08-16 00:04:32,632 INFO org.springframework.boot.devtools.autoconfigure.OptionalLiveReloadServer [restartedMain] LiveReload server is running on port 35729
2020-08-16 00:04:34,460 INFO org.springframework.boot.actuate.endpoint.web.EndpointLinksResolver [restartedMain] Exposing 3 endpoint(s) beneath base path '/actuator'
2020-08-16 00:04:35,507 INFO springfox.documentation.spring.web.PropertySourcedRequestMappingHandlerMapping [restartedMain] Mapped URL path [/v2/api-docs] onto method [springfox.documentation.swagger2.web.Swagger2Controller#getDocumentation(String, HttpServletRequest)]
2020-08-16 00:04:35,781 INFO org.springframework.scheduling.concurrent.ExecutorConfigurationSupport [restartedMain] Initializing ExecutorService 'applicationTaskExecutor'
2020-08-16 00:04:36,453 INFO org.apache.juli.logging.DirectJDKLog [restartedMain] Starting ProtocolHandler ["http-nio-8080"]
2020-08-16 00:04:36,522 INFO org.springframework.boot.web.embedded.tomcat.TomcatWebServer [restartedMain] Tomcat started on port(s): 8080 (http) with context path ''
2020-08-16 00:04:36,557 INFO springfox.documentation.spring.web.plugins.DocumentationPluginsBootstrapper [restartedMain] Context refreshed
2020-08-16 00:04:36,777 INFO springfox.documentation.spring.web.plugins.DocumentationPluginsBootstrapper [restartedMain] Found 1 custom documentation plugin(s)
2020-08-16 00:04:36,917 INFO springfox.documentation.spring.web.scanners.ApiListingReferenceScanner [restartedMain] Scanning for api listing references
2020-08-16 00:04:37,552 INFO springfox.documentation.spring.web.readers.operation.CachingOperationNameGenerator [restartedMain] Generating unique operation named: Add Customer_1
2020-08-16 00:04:37,564 INFO springfox.documentation.spring.web.readers.operation.CachingOperationNameGenerator [restartedMain] Generating unique operation named: Add Customer_2
2020-08-16 00:04:37,574 INFO springfox.documentation.spring.web.readers.operation.CachingOperationNameGenerator [restartedMain] Generating unique operation named: Add Customer_3
2020-08-16 00:04:37,647 INFO org.springframework.boot.StartupInfoLogger [restartedMain] Started SpringBootMainApplication in 14.35 seconds (JVM running for 16.059)
2020-08-16 00:04:39,641 INFO org.apache.juli.logging.DirectJDKLog [http-nio-8080-exec-8] Initializing Spring DispatcherServlet 'dispatcherServlet'
2020-08-16 00:04:39,641 INFO org.springframework.web.servlet.FrameworkServlet [http-nio-8080-exec-8] Initializing Servlet 'dispatcherServlet'
2020-08-16 00:04:39,655 INFO org.springframework.web.servlet.FrameworkServlet [http-nio-8080-exec-8] Completed initialization in 13 ms
2020-08-16 00:06:23,783 INFO org.springframework.boot.StartupInfoLogger [restartedMain] Starting SpringBootMainApplication on INM20228 with PID 28448 (C:\Projects\MyProjects\Mongo\target\classes started by ks5 in C:\Projects\MyProjects\Mongo)
2020-08-16 00:06:23,790 INFO org.springframework.boot.SpringApplication [restartedMain] No active profile set, falling back to default profiles: default
2020-08-16 00:06:23,954 INFO org.springframework.boot.logging.DeferredLog [restartedMain] Devtools property defaults active! Set 'spring.devtools.add-properties' to 'false' to disable
2020-08-16 00:06:23,954 INFO org.springframework.boot.logging.DeferredLog [restartedMain] For additional web related logging consider setting the 'logging.level.web' property to 'DEBUG'
2020-08-16 00:06:27,270 INFO org.springframework.data.repository.config.RepositoryConfigurationDelegate [restartedMain] Bootstrapping Spring Data MongoDB repositories in DEFAULT mode.
2020-08-16 00:06:27,457 INFO org.springframework.data.repository.config.RepositoryConfigurationDelegate [restartedMain] Finished Spring Data repository scanning in 175ms. Found 1 MongoDB repository interfaces.
2020-08-16 00:06:29,086 INFO org.springframework.boot.web.embedded.tomcat.TomcatWebServer [restartedMain] Tomcat initialized with port(s): 8080 (http)
2020-08-16 00:06:29,107 INFO org.apache.juli.logging.DirectJDKLog [restartedMain] Initializing ProtocolHandler ["http-nio-8080"]
2020-08-16 00:06:29,108 INFO org.apache.juli.logging.DirectJDKLog [restartedMain] Starting service [Tomcat]
2020-08-16 00:06:29,109 INFO org.apache.juli.logging.DirectJDKLog [restartedMain] Starting Servlet engine: [Apache Tomcat/9.0.37]
2020-08-16 00:06:29,361 INFO org.apache.juli.logging.DirectJDKLog [restartedMain] Initializing Spring embedded WebApplicationContext
2020-08-16 00:06:29,362 INFO org.springframework.boot.web.servlet.context.ServletWebServerApplicationContext [restartedMain] Root WebApplicationContext: initialization completed in 5407 ms
2020-08-16 00:06:30,171 INFO com.mongodb.diagnostics.logging.SLF4JLogger [restartedMain] Cluster created with settings {hosts=[localhost:27017], mode=SINGLE, requiredClusterType=UNKNOWN, serverSelectionTimeout='30000 ms'}
2020-08-16 00:06:30,289 INFO com.mongodb.diagnostics.logging.SLF4JLogger [cluster-ClusterId{value='5f382b2e4b2ca43fad333c53', description='null'}-localhost:27017] Opened connection [connectionId{localValue:1, serverValue:244}] to localhost:27017
2020-08-16 00:06:30,298 INFO com.mongodb.diagnostics.logging.SLF4JLogger [cluster-ClusterId{value='5f382b2e4b2ca43fad333c53', description='null'}-localhost:27017] Monitor thread successfully connected to server with description ServerDescription{address=localhost:27017, type=STANDALONE, state=CONNECTED, ok=true, minWireVersion=0, maxWireVersion=9, maxDocumentSize=16777216, logicalSessionTimeoutMinutes=30, roundTripTimeNanos=5551200}
2020-08-16 00:06:30,566 INFO org.springframework.boot.devtools.autoconfigure.OptionalLiveReloadServer [restartedMain] LiveReload server is running on port 35729
2020-08-16 00:06:32,372 INFO org.springframework.boot.actuate.endpoint.web.EndpointLinksResolver [restartedMain] Exposing 4 endpoint(s) beneath base path '/actuator'
2020-08-16 00:06:32,650 INFO springfox.documentation.spring.web.PropertySourcedRequestMappingHandlerMapping [restartedMain] Mapped URL path [/v2/api-docs] onto method [springfox.documentation.swagger2.web.Swagger2Controller#getDocumentation(String, HttpServletRequest)]
2020-08-16 00:06:33,049 INFO org.springframework.scheduling.concurrent.ExecutorConfigurationSupport [restartedMain] Initializing ExecutorService 'applicationTaskExecutor'
2020-08-16 00:06:33,749 INFO org.apache.juli.logging.DirectJDKLog [restartedMain] Starting ProtocolHandler ["http-nio-8080"]
2020-08-16 00:06:33,806 INFO org.springframework.boot.web.embedded.tomcat.TomcatWebServer [restartedMain] Tomcat started on port(s): 8080 (http) with context path ''
2020-08-16 00:06:33,808 INFO springfox.documentation.spring.web.plugins.DocumentationPluginsBootstrapper [restartedMain] Context refreshed
2020-08-16 00:06:33,870 INFO springfox.documentation.spring.web.plugins.DocumentationPluginsBootstrapper [restartedMain] Found 1 custom documentation plugin(s)
2020-08-16 00:06:33,943 INFO springfox.documentation.spring.web.scanners.ApiListingReferenceScanner [restartedMain] Scanning for api listing references
2020-08-16 00:06:34,265 INFO springfox.documentation.spring.web.readers.operation.CachingOperationNameGenerator [restartedMain] Generating unique operation named: Add Customer_1
2020-08-16 00:06:34,272 INFO springfox.documentation.spring.web.readers.operation.CachingOperationNameGenerator [restartedMain] Generating unique operation named: Add Customer_2
2020-08-16 00:06:34,282 INFO springfox.documentation.spring.web.readers.operation.CachingOperationNameGenerator [restartedMain] Generating unique operation named: Add Customer_3
2020-08-16 00:06:34,363 INFO org.springframework.boot.StartupInfoLogger [restartedMain] Started SpringBootMainApplication in 12.027 seconds (JVM running for 13.294)
2020-08-16 00:06:36,667 INFO org.apache.juli.logging.DirectJDKLog [http-nio-8080-exec-1] Initializing Spring DispatcherServlet 'dispatcherServlet'
2020-08-16 00:06:36,667 INFO org.springframework.web.servlet.FrameworkServlet [http-nio-8080-exec-1] Initializing Servlet 'dispatcherServlet'
2020-08-16 00:06:36,681 INFO org.springframework.web.servlet.FrameworkServlet [http-nio-8080-exec-1] Completed initialization in 13 ms
2020-08-16 00:08:59,408 INFO org.springframework.boot.StartupInfoLogger [restartedMain] Starting SpringBootMainApplication on INM20228 with PID 27968 (C:\Projects\MyProjects\Mongo\target\classes started by ks5 in C:\Projects\MyProjects\Mongo)
2020-08-16 00:08:59,416 INFO org.springframework.boot.SpringApplication [restartedMain] No active profile set, falling back to default profiles: default
2020-08-16 00:08:59,540 INFO org.springframework.boot.logging.DeferredLog [restartedMain] Devtools property defaults active! Set 'spring.devtools.add-properties' to 'false' to disable
2020-08-16 00:08:59,540 INFO org.springframework.boot.logging.DeferredLog [restartedMain] For additional web related logging consider setting the 'logging.level.web' property to 'DEBUG'
2020-08-16 00:09:02,916 INFO org.springframework.data.repository.config.RepositoryConfigurationDelegate [restartedMain] Bootstrapping Spring Data MongoDB repositories in DEFAULT mode.
2020-08-16 00:09:03,075 INFO org.springframework.data.repository.config.RepositoryConfigurationDelegate [restartedMain] Finished Spring Data repository scanning in 146ms. Found 1 MongoDB repository interfaces.
2020-08-16 00:09:04,607 INFO org.springframework.boot.web.embedded.tomcat.TomcatWebServer [restartedMain] Tomcat initialized with port(s): 8080 (http)
2020-08-16 00:09:04,624 INFO org.apache.juli.logging.DirectJDKLog [restartedMain] Initializing ProtocolHandler ["http-nio-8080"]
2020-08-16 00:09:04,625 INFO org.apache.juli.logging.DirectJDKLog [restartedMain] Starting service [Tomcat]
2020-08-16 00:09:04,626 INFO org.apache.juli.logging.DirectJDKLog [restartedMain] Starting Servlet engine: [Apache Tomcat/9.0.37]
2020-08-16 00:09:04,892 INFO org.apache.juli.logging.DirectJDKLog [restartedMain] Initializing Spring embedded WebApplicationContext
2020-08-16 00:09:04,893 INFO org.springframework.boot.web.servlet.context.ServletWebServerApplicationContext [restartedMain] Root WebApplicationContext: initialization completed in 5352 ms
2020-08-16 00:09:05,731 INFO com.mongodb.diagnostics.logging.SLF4JLogger [restartedMain] Cluster created with settings {hosts=[localhost:27017], mode=SINGLE, requiredClusterType=UNKNOWN, serverSelectionTimeout='30000 ms'}
2020-08-16 00:09:05,848 INFO com.mongodb.diagnostics.logging.SLF4JLogger [cluster-ClusterId{value='5f382bc91bfd893e0f1fac12', description='null'}-localhost:27017] Opened connection [connectionId{localValue:1, serverValue:245}] to localhost:27017
2020-08-16 00:09:05,857 INFO com.mongodb.diagnostics.logging.SLF4JLogger [cluster-ClusterId{value='5f382bc91bfd893e0f1fac12', description='null'}-localhost:27017] Monitor thread successfully connected to server with description ServerDescription{address=localhost:27017, type=STANDALONE, state=CONNECTED, ok=true, minWireVersion=0, maxWireVersion=9, maxDocumentSize=16777216, logicalSessionTimeoutMinutes=30, roundTripTimeNanos=5596300}
2020-08-16 00:09:06,124 INFO org.springframework.boot.devtools.autoconfigure.OptionalLiveReloadServer [restartedMain] LiveReload server is running on port 35729
2020-08-16 00:09:07,222 INFO org.springframework.boot.actuate.endpoint.web.EndpointLinksResolver [restartedMain] Exposing 4 endpoint(s) beneath base path '/actuator'
2020-08-16 00:09:07,438 INFO springfox.documentation.spring.web.PropertySourcedRequestMappingHandlerMapping [restartedMain] Mapped URL path [/v2/api-docs] onto method [springfox.documentation.swagger2.web.Swagger2Controller#getDocumentation(String, HttpServletRequest)]
2020-08-16 00:09:07,638 INFO org.springframework.scheduling.concurrent.ExecutorConfigurationSupport [restartedMain] Initializing ExecutorService 'applicationTaskExecutor'
2020-08-16 00:09:08,065 INFO org.apache.juli.logging.DirectJDKLog [restartedMain] Starting ProtocolHandler ["http-nio-8080"]
2020-08-16 00:09:08,114 INFO org.springframework.boot.web.embedded.tomcat.TomcatWebServer [restartedMain] Tomcat started on port(s): 8080 (http) with context path ''
2020-08-16 00:09:08,117 INFO springfox.documentation.spring.web.plugins.DocumentationPluginsBootstrapper [restartedMain] Context refreshed
2020-08-16 00:09:08,188 INFO springfox.documentation.spring.web.plugins.DocumentationPluginsBootstrapper [restartedMain] Found 1 custom documentation plugin(s)
2020-08-16 00:09:08,258 INFO springfox.documentation.spring.web.scanners.ApiListingReferenceScanner [restartedMain] Scanning for api listing references
2020-08-16 00:09:08,484 INFO org.apache.juli.logging.DirectJDKLog [http-nio-8080-exec-1] Initializing Spring DispatcherServlet 'dispatcherServlet'
2020-08-16 00:09:08,484 INFO org.springframework.web.servlet.FrameworkServlet [http-nio-8080-exec-1] Initializing Servlet 'dispatcherServlet'
2020-08-16 00:09:08,511 INFO org.springframework.web.servlet.FrameworkServlet [http-nio-8080-exec-1] Completed initialization in 26 ms
2020-08-16 00:09:08,638 INFO springfox.documentation.spring.web.readers.operation.CachingOperationNameGenerator [restartedMain] Generating unique operation named: Add Customer_1
2020-08-16 00:09:08,651 INFO springfox.documentation.spring.web.readers.operation.CachingOperationNameGenerator [restartedMain] Generating unique operation named: Add Customer_2
2020-08-16 00:09:08,670 INFO springfox.documentation.spring.web.readers.operation.CachingOperationNameGenerator [restartedMain] Generating unique operation named: Add Customer_3
2020-08-16 00:09:08,817 INFO org.springframework.boot.StartupInfoLogger [restartedMain] Started SpringBootMainApplication in 11.56 seconds (JVM running for 13.332)
2020-08-16 00:10:01,622 INFO org.springframework.boot.StartupInfoLogger [restartedMain] Starting SpringBootMainApplication on INM20228 with PID 25020 (C:\Projects\MyProjects\Mongo\target\classes started by ks5 in C:\Projects\MyProjects\Mongo)
2020-08-16 00:10:01,631 INFO org.springframework.boot.SpringApplication [restartedMain] No active profile set, falling back to default profiles: default
2020-08-16 00:10:01,820 INFO org.springframework.boot.logging.DeferredLog [restartedMain] Devtools property defaults active! Set 'spring.devtools.add-properties' to 'false' to disable
2020-08-16 00:10:01,821 INFO org.springframework.boot.logging.DeferredLog [restartedMain] For additional web related logging consider setting the 'logging.level.web' property to 'DEBUG'
2020-08-16 00:10:05,532 INFO org.springframework.data.repository.config.RepositoryConfigurationDelegate [restartedMain] Bootstrapping Spring Data MongoDB repositories in DEFAULT mode.
2020-08-16 00:10:05,715 INFO org.springframework.data.repository.config.RepositoryConfigurationDelegate [restartedMain] Finished Spring Data repository scanning in 172ms. Found 1 MongoDB repository interfaces.
2020-08-16 00:10:09,195 INFO org.springframework.boot.web.embedded.tomcat.TomcatWebServer [restartedMain] Tomcat initialized with port(s): 8080 (http)
2020-08-16 00:10:09,223 INFO org.apache.juli.logging.DirectJDKLog [restartedMain] Initializing ProtocolHandler ["http-nio-8080"]
2020-08-16 00:10:09,225 INFO org.apache.juli.logging.DirectJDKLog [restartedMain] Starting service [Tomcat]
2020-08-16 00:10:09,226 INFO org.apache.juli.logging.DirectJDKLog [restartedMain] Starting Servlet engine: [Apache Tomcat/9.0.37]
2020-08-16 00:10:09,604 INFO org.apache.juli.logging.DirectJDKLog [restartedMain] Initializing Spring embedded WebApplicationContext
2020-08-16 00:10:09,605 INFO org.springframework.boot.web.servlet.context.ServletWebServerApplicationContext [restartedMain] Root WebApplicationContext: initialization completed in 7784 ms
2020-08-16 00:10:11,392 INFO com.mongodb.diagnostics.logging.SLF4JLogger [restartedMain] Cluster created with settings {hosts=[localhost:27017], mode=SINGLE, requiredClusterType=UNKNOWN, serverSelectionTimeout='30000 ms'}
2020-08-16 00:10:11,800 INFO com.mongodb.diagnostics.logging.SLF4JLogger [cluster-ClusterId{value='5f382c0bb417d137c76100ce', description='null'}-localhost:27017] Opened connection [connectionId{localValue:1, serverValue:246}] to localhost:27017
2020-08-16 00:10:11,895 INFO com.mongodb.diagnostics.logging.SLF4JLogger [cluster-ClusterId{value='5f382c0bb417d137c76100ce', description='null'}-localhost:27017] Monitor thread successfully connected to server with description ServerDescription{address=localhost:27017, type=STANDALONE, state=CONNECTED, ok=true, minWireVersion=0, maxWireVersion=9, maxDocumentSize=16777216, logicalSessionTimeoutMinutes=30, roundTripTimeNanos=55365700}
2020-08-16 00:10:12,428 INFO org.springframework.boot.devtools.autoconfigure.OptionalLiveReloadServer [restartedMain] LiveReload server is running on port 35729
2020-08-16 00:10:13,871 INFO org.springframework.boot.actuate.endpoint.web.EndpointLinksResolver [restartedMain] Exposing 13 endpoint(s) beneath base path '/actuator'
2020-08-16 00:10:14,411 INFO springfox.documentation.spring.web.PropertySourcedRequestMappingHandlerMapping [restartedMain] Mapped URL path [/v2/api-docs] onto method [springfox.documentation.swagger2.web.Swagger2Controller#getDocumentation(String, HttpServletRequest)]
2020-08-16 00:10:14,983 INFO org.springframework.scheduling.concurrent.ExecutorConfigurationSupport [restartedMain] Initializing ExecutorService 'applicationTaskExecutor'
2020-08-16 00:10:15,765 INFO org.apache.juli.logging.DirectJDKLog [restartedMain] Starting ProtocolHandler ["http-nio-8080"]
2020-08-16 00:10:15,926 INFO org.springframework.boot.web.embedded.tomcat.TomcatWebServer [restartedMain] Tomcat started on port(s): 8080 (http) with context path ''
2020-08-16 00:10:16,002 INFO springfox.documentation.spring.web.plugins.DocumentationPluginsBootstrapper [restartedMain] Context refreshed
2020-08-16 00:10:16,134 INFO springfox.documentation.spring.web.plugins.DocumentationPluginsBootstrapper [restartedMain] Found 1 custom documentation plugin(s)
2020-08-16 00:10:16,304 INFO org.apache.juli.logging.DirectJDKLog [http-nio-8080-exec-2] Initializing Spring DispatcherServlet 'dispatcherServlet'
2020-08-16 00:10:16,308 INFO org.springframework.web.servlet.FrameworkServlet [http-nio-8080-exec-2] Initializing Servlet 'dispatcherServlet'
2020-08-16 00:10:16,357 INFO org.springframework.web.servlet.FrameworkServlet [http-nio-8080-exec-2] Completed initialization in 39 ms
2020-08-16 00:10:16,358 INFO springfox.documentation.spring.web.scanners.ApiListingReferenceScanner [restartedMain] Scanning for api listing references
2020-08-16 00:10:16,988 INFO springfox.documentation.spring.web.readers.operation.CachingOperationNameGenerator [restartedMain] Generating unique operation named: Add Customer_1
2020-08-16 00:10:17,000 INFO springfox.documentation.spring.web.readers.operation.CachingOperationNameGenerator [restartedMain] Generating unique operation named: Add Customer_2
2020-08-16 00:10:17,017 INFO springfox.documentation.spring.web.readers.operation.CachingOperationNameGenerator [restartedMain] Generating unique operation named: Add Customer_3
2020-08-16 00:10:17,111 INFO org.springframework.boot.StartupInfoLogger [restartedMain] Started SpringBootMainApplication in 17.273 seconds (JVM running for 19.022)
