2020-08-20 23:14:19,768 INFO org.springframework.scheduling.concurrent.ExecutorConfigurationSupport [Thread-5] Shutting down ExecutorService 'applicationTaskExecutor'
2020-08-20 23:14:19,861 INFO com.mongodb.diagnostics.logging.SLF4JLogger [Thread-5] Closed connection [connectionId{localValue:2, serverValue:22}] to localhost:27017 because the pool has been closed.
2020-08-20 23:14:20,670 INFO org.springframework.boot.StartupInfoLogger [restartedMain] Starting SpringBootMainApplication on INM20228 with PID 8748 (C:\Projects\MyProjects\Mongo\target\classes started by ks5 in C:\Projects\MyProjects\Mongo)
2020-08-20 23:14:20,673 INFO org.springframework.boot.SpringApplication [restartedMain] No active profile set, falling back to default profiles: default
2020-08-20 23:14:22,865 INFO org.springframework.data.repository.config.RepositoryConfigurationDelegate [restartedMain] Bootstrapping Spring Data MongoDB repositories in DEFAULT mode.
2020-08-20 23:14:22,871 INFO org.springframework.data.repository.config.RepositoryConfigurationDelegate [restartedMain] Finished Spring Data repository scanning in 3ms. Found 0 MongoDB repository interfaces.
2020-08-20 23:14:26,308 INFO org.springframework.boot.web.embedded.tomcat.TomcatWebServer [restartedMain] Tomcat initialized with port(s): 8080 (http)
2020-08-20 23:14:26,314 INFO org.apache.juli.logging.DirectJDKLog [restartedMain] Initializing ProtocolHandler ["http-nio-8080"]
2020-08-20 23:14:26,315 INFO org.apache.juli.logging.DirectJDKLog [restartedMain] Starting service [Tomcat]
2020-08-20 23:14:26,316 INFO org.apache.juli.logging.DirectJDKLog [restartedMain] Starting Servlet engine: [Apache Tomcat/9.0.37]
2020-08-20 23:14:26,502 INFO org.apache.juli.logging.DirectJDKLog [restartedMain] Initializing Spring embedded WebApplicationContext
2020-08-20 23:14:26,503 INFO org.springframework.boot.web.servlet.context.ServletWebServerApplicationContext [restartedMain] Root WebApplicationContext: initialization completed in 5812 ms
2020-08-20 23:14:27,410 INFO org.springframework.scheduling.concurrent.ExecutorConfigurationSupport [restartedMain] Initializing ExecutorService 'applicationTaskExecutor'
2020-08-20 23:14:27,662 INFO com.mongodb.diagnostics.logging.SLF4JLogger [restartedMain] Cluster created with settings {hosts=[localhost:27017], mode=SINGLE, requiredClusterType=UNKNOWN, serverSelectionTimeout='30000 ms'}
2020-08-20 23:14:27,686 INFO com.mongodb.diagnostics.logging.SLF4JLogger [cluster-ClusterId{value='5f3eb67ba0a3da001cc806fd', description='null'}-localhost:27017] Opened connection [connectionId{localValue:3, serverValue:23}] to localhost:27017
2020-08-20 23:14:28,320 INFO com.mongodb.diagnostics.logging.SLF4JLogger [cluster-ClusterId{value='5f3eb67ba0a3da001cc806fd', description='null'}-localhost:27017] Monitor thread successfully connected to server with description ServerDescription{address=localhost:27017, type=STANDALONE, state=CONNECTED, ok=true, minWireVersion=0, maxWireVersion=9, maxDocumentSize=16777216, logicalSessionTimeoutMinutes=30, roundTripTimeNanos=705300}
2020-08-20 23:14:28,976 INFO org.springframework.boot.autoconfigure.security.servlet.UserDetailsServiceAutoConfiguration [restartedMain] 

Using generated security password: c5b92695-eaaa-4a25-afc3-2c53b1e409ef

2020-08-20 23:14:29,276 INFO org.springframework.security.web.DefaultSecurityFilterChain [restartedMain] Creating filter chain: any request, [org.springframework.security.web.context.request.async.WebAsyncManagerIntegrationFilter@36d19e64, org.springframework.security.web.context.SecurityContextPersistenceFilter@3873b05b, org.springframework.security.web.header.HeaderWriterFilter@88874fe, org.springframework.security.web.csrf.CsrfFilter@191adae3, org.springframework.security.web.authentication.logout.LogoutFilter@519a233a, org.springframework.security.web.authentication.UsernamePasswordAuthenticationFilter@4c370954, org.springframework.security.web.authentication.ui.DefaultLoginPageGeneratingFilter@1bb23371, org.springframework.security.web.authentication.ui.DefaultLogoutPageGeneratingFilter@3658ff1b, org.springframework.security.web.authentication.www.BasicAuthenticationFilter@74973d5f, org.springframework.security.web.savedrequest.RequestCacheAwareFilter@2a51ed62, org.springframework.security.web.servletapi.SecurityContextHolderAwareRequestFilter@61354352, org.springframework.security.web.authentication.AnonymousAuthenticationFilter@e261d75, org.springframework.security.web.session.SessionManagementFilter@77f1a184, org.springframework.security.web.access.ExceptionTranslationFilter@262692cd, org.springframework.security.web.access.intercept.FilterSecurityInterceptor@359f3e]
2020-08-20 23:14:29,396 INFO org.springframework.boot.devtools.autoconfigure.OptionalLiveReloadServer [restartedMain] LiveReload server is running on port 35729
2020-08-20 23:14:29,405 INFO org.springframework.boot.actuate.endpoint.web.EndpointLinksResolver [restartedMain] Exposing 13 endpoint(s) beneath base path '/actuator'
2020-08-20 23:14:29,470 INFO org.apache.juli.logging.DirectJDKLog [restartedMain] Starting ProtocolHandler ["http-nio-8080"]
2020-08-20 23:14:29,526 INFO org.springframework.boot.web.embedded.tomcat.TomcatWebServer [restartedMain] Tomcat started on port(s): 8080 (http) with context path ''
2020-08-20 23:14:29,579 INFO org.springframework.boot.StartupInfoLogger [restartedMain] Started SpringBootMainApplication in 9.153 seconds (JVM running for 85224.462)
2020-08-20 23:14:29,596 INFO org.springframework.boot.devtools.autoconfigure.ConditionEvaluationDeltaLoggingListener [restartedMain] Condition evaluation delta:


==========================
CONDITION EVALUATION DELTA
==========================


Positive matches:
-----------------

   ManagementWebSecurityAutoConfiguration matched:
      - @ConditionalOnClass found required class 'org.springframework.security.config.annotation.web.configuration.WebSecurityConfigurerAdapter' (OnClassCondition)
      - found 'session' scope (OnWebApplicationCondition)
      - @ConditionalOnMissingBean (types: org.springframework.security.config.annotation.web.configuration.WebSecurityConfigurerAdapter; SearchStrategy: all) did not find any beans (OnBeanCondition)

   UserDetailsServiceAutoConfiguration matched:
      - @ConditionalOnClass found required class 'org.springframework.security.authentication.AuthenticationManager' (OnClassCondition)
      - @ConditionalOnBean (types: org.springframework.security.config.annotation.ObjectPostProcessor; SearchStrategy: all) found bean 'objectPostProcessor'; @ConditionalOnMissingBean (types: org.springframework.security.authentication.AuthenticationManager,org.springframework.security.authentication.AuthenticationProvider,org.springframework.security.core.userdetails.UserDetailsService,org.springframework.security.oauth2.jwt.JwtDecoder,org.springframework.security.oauth2.server.resource.introspection.OpaqueTokenIntrospector; SearchStrategy: all) did not find any beans (OnBeanCondition)

   UserDetailsServiceAutoConfiguration#inMemoryUserDetailsManager matched:
      - @ConditionalOnMissingBean (types: org.springframework.security.oauth2.client.registration.ClientRegistrationRepository; SearchStrategy: all) did not find any beans (OnBeanCondition)

   WebSecurityEnablerConfiguration matched:
      - found 'session' scope (OnWebApplicationCondition)
      - @ConditionalOnBean (types: org.springframework.security.config.annotation.web.configuration.WebSecurityConfigurerAdapter; SearchStrategy: all) found bean 'org.springframework.boot.actuate.autoconfigure.security.servlet.ManagementWebSecurityConfigurerAdapter'; @ConditionalOnMissingBean (names: springSecurityFilterChain; SearchStrategy: all) did not find any beans (OnBeanCondition)


Negative matches:
-----------------

    None


Exclusions:
-----------

    None


Unconditional classes:
----------------------

    None



2020-08-20 23:14:32,020 INFO org.springframework.scheduling.concurrent.ExecutorConfigurationSupport [Thread-9] Shutting down ExecutorService 'applicationTaskExecutor'
2020-08-20 23:14:32,772 INFO org.springframework.boot.StartupInfoLogger [restartedMain] Starting SpringBootMainApplication on INM20228 with PID 8748 (C:\Projects\MyProjects\Mongo\target\classes started by ks5 in C:\Projects\MyProjects\Mongo)
2020-08-20 23:14:32,775 INFO org.springframework.boot.SpringApplication [restartedMain] No active profile set, falling back to default profiles: default
2020-08-20 23:14:36,011 INFO org.springframework.data.repository.config.RepositoryConfigurationDelegate [restartedMain] Bootstrapping Spring Data MongoDB repositories in DEFAULT mode.
2020-08-20 23:14:36,147 INFO org.springframework.data.repository.config.RepositoryConfigurationDelegate [restartedMain] Finished Spring Data repository scanning in 133ms. Found 1 MongoDB repository interfaces.
2020-08-20 23:14:36,337 INFO org.springframework.context.support.PostProcessorRegistrationDelegate$BeanPostProcessorChecker [restartedMain] Bean 'org.springframework.security.access.expression.method.DefaultMethodSecurityExpressionHandler@554d275d' of type [org.springframework.security.access.expression.method.DefaultMethodSecurityExpressionHandler] is not eligible for getting processed by all BeanPostProcessors (for example: not eligible for auto-proxying)
2020-08-20 23:14:36,343 INFO org.springframework.context.support.PostProcessorRegistrationDelegate$BeanPostProcessorChecker [restartedMain] Bean 'methodSecurityMetadataSource' of type [org.springframework.security.access.method.DelegatingMethodSecurityMetadataSource] is not eligible for getting processed by all BeanPostProcessors (for example: not eligible for auto-proxying)
2020-08-20 23:14:36,704 INFO org.springframework.boot.web.embedded.tomcat.TomcatWebServer [restartedMain] Tomcat initialized with port(s): 8080 (http)
2020-08-20 23:14:36,705 INFO org.apache.juli.logging.DirectJDKLog [restartedMain] Initializing ProtocolHandler ["http-nio-8080"]
2020-08-20 23:14:36,708 INFO org.apache.juli.logging.DirectJDKLog [restartedMain] Starting service [Tomcat]
2020-08-20 23:14:36,709 INFO org.apache.juli.logging.DirectJDKLog [restartedMain] Starting Servlet engine: [Apache Tomcat/9.0.37]
2020-08-20 23:14:36,793 INFO org.apache.juli.logging.DirectJDKLog [restartedMain] Initializing Spring embedded WebApplicationContext
2020-08-20 23:14:36,794 INFO org.springframework.boot.web.servlet.context.ServletWebServerApplicationContext [restartedMain] Root WebApplicationContext: initialization completed in 4003 ms
2020-08-20 23:14:37,559 INFO com.mongodb.diagnostics.logging.SLF4JLogger [restartedMain] Cluster created with settings {hosts=[localhost:27017], mode=SINGLE, requiredClusterType=UNKNOWN, serverSelectionTimeout='30000 ms'}
2020-08-20 23:14:37,569 INFO com.mongodb.diagnostics.logging.SLF4JLogger [cluster-ClusterId{value='5f3eb685a0a3da001cc806fe', description='null'}-localhost:27017] Opened connection [connectionId{localValue:4, serverValue:24}] to localhost:27017
2020-08-20 23:14:37,572 INFO com.mongodb.diagnostics.logging.SLF4JLogger [cluster-ClusterId{value='5f3eb685a0a3da001cc806fe', description='null'}-localhost:27017] Monitor thread successfully connected to server with description ServerDescription{address=localhost:27017, type=STANDALONE, state=CONNECTED, ok=true, minWireVersion=0, maxWireVersion=9, maxDocumentSize=16777216, logicalSessionTimeoutMinutes=30, roundTripTimeNanos=651500}
2020-08-20 23:14:37,680 INFO org.springframework.boot.devtools.autoconfigure.OptionalLiveReloadServer [restartedMain] LiveReload server is running on port 35729
2020-08-20 23:14:38,619 INFO org.springframework.boot.actuate.endpoint.web.EndpointLinksResolver [restartedMain] Exposing 13 endpoint(s) beneath base path '/actuator'
2020-08-20 23:14:38,777 INFO springfox.documentation.spring.web.PropertySourcedRequestMappingHandlerMapping [restartedMain] Mapped URL path [/v2/api-docs] onto method [springfox.documentation.swagger2.web.Swagger2Controller#getDocumentation(String, HttpServletRequest)]
2020-08-20 23:14:38,961 INFO org.springframework.security.web.DefaultSecurityFilterChain [restartedMain] Creating filter chain: Mvc [pattern='/**', OPTIONS], []
2020-08-20 23:14:38,963 INFO org.springframework.security.web.DefaultSecurityFilterChain [restartedMain] Creating filter chain: Mvc [pattern='/swagger-ui.html/**'], []
2020-08-20 23:14:38,964 INFO org.springframework.security.web.DefaultSecurityFilterChain [restartedMain] Creating filter chain: Mvc [pattern='/configuration/**'], []
2020-08-20 23:14:38,965 INFO org.springframework.security.web.DefaultSecurityFilterChain [restartedMain] Creating filter chain: Mvc [pattern='/swagger-resources/**'], []
2020-08-20 23:14:38,966 INFO org.springframework.security.web.DefaultSecurityFilterChain [restartedMain] Creating filter chain: Mvc [pattern='/v2/api-docs'], []
2020-08-20 23:14:38,967 INFO org.springframework.security.web.DefaultSecurityFilterChain [restartedMain] Creating filter chain: Mvc [pattern='/webjars/**'], []
2020-08-20 23:14:38,984 INFO org.springframework.security.web.DefaultSecurityFilterChain [restartedMain] Creating filter chain: any request, [org.springframework.security.web.context.request.async.WebAsyncManagerIntegrationFilter@2a7ba435, org.springframework.security.web.context.SecurityContextPersistenceFilter@41983e3d, org.springframework.security.web.header.HeaderWriterFilter@759ee635, org.springframework.security.web.authentication.logout.LogoutFilter@3739fd9b, com.retail.loyalty.security.filter.JwtRequestFilter@79025d98, org.springframework.security.web.savedrequest.RequestCacheAwareFilter@8fe012b, org.springframework.security.web.servletapi.SecurityContextHolderAwareRequestFilter@ad3e14f, org.springframework.security.web.authentication.AnonymousAuthenticationFilter@5bad3cba, org.springframework.security.web.session.SessionManagementFilter@482ea205, org.springframework.security.web.access.ExceptionTranslationFilter@1eaae0ad, org.springframework.security.web.access.intercept.FilterSecurityInterceptor@560cef65]
2020-08-20 23:14:39,062 INFO org.springframework.scheduling.concurrent.ExecutorConfigurationSupport [restartedMain] Initializing ExecutorService 'applicationTaskExecutor'
2020-08-20 23:14:39,269 INFO org.apache.juli.logging.DirectJDKLog [restartedMain] Starting ProtocolHandler ["http-nio-8080"]
2020-08-20 23:14:39,292 INFO org.springframework.boot.web.embedded.tomcat.TomcatWebServer [restartedMain] Tomcat started on port(s): 8080 (http) with context path ''
2020-08-20 23:14:39,294 INFO springfox.documentation.spring.web.plugins.DocumentationPluginsBootstrapper [restartedMain] Context refreshed
2020-08-20 23:14:39,296 INFO springfox.documentation.spring.web.plugins.DocumentationPluginsBootstrapper [restartedMain] Found 1 custom documentation plugin(s)
2020-08-20 23:14:39,340 INFO springfox.documentation.spring.web.scanners.ApiListingReferenceScanner [restartedMain] Scanning for api listing references
2020-08-20 23:14:39,401 INFO springfox.documentation.spring.web.readers.operation.CachingOperationNameGenerator [restartedMain] Generating unique operation named: Add Customer_1
2020-08-20 23:14:39,415 INFO springfox.documentation.spring.web.readers.operation.CachingOperationNameGenerator [restartedMain] Generating unique operation named: Add Customer_2
2020-08-20 23:14:39,436 INFO springfox.documentation.spring.web.readers.operation.CachingOperationNameGenerator [restartedMain] Generating unique operation named: Add Customer_3
2020-08-20 23:14:39,464 INFO org.springframework.boot.StartupInfoLogger [restartedMain] Started SpringBootMainApplication in 6.916 seconds (JVM running for 85234.348)
2020-08-20 23:14:39,472 INFO org.springframework.boot.devtools.autoconfigure.ConditionEvaluationDeltaLoggingListener [restartedMain] Condition evaluation delta:


==========================
CONDITION EVALUATION DELTA
==========================


Positive matches:
-----------------

    None


Negative matches:
-----------------

   ManagementWebSecurityAutoConfiguration:
      Did not match:
         - @ConditionalOnMissingBean (types: org.springframework.security.config.annotation.web.configuration.WebSecurityConfigurerAdapter; SearchStrategy: all) found beans of type 'org.springframework.security.config.annotation.web.configuration.WebSecurityConfigurerAdapter' webSecurityConfig (OnBeanCondition)
      Matched:
         - @ConditionalOnClass found required class 'org.springframework.security.config.annotation.web.configuration.WebSecurityConfigurerAdapter' (OnClassCondition)
         - found 'session' scope (OnWebApplicationCondition)

   UserDetailsServiceAutoConfiguration:
      Did not match:
         - @ConditionalOnMissingBean (types: org.springframework.security.authentication.AuthenticationManager,org.springframework.security.authentication.AuthenticationProvider,org.springframework.security.core.userdetails.UserDetailsService,org.springframework.security.oauth2.jwt.JwtDecoder,org.springframework.security.oauth2.server.resource.introspection.OpaqueTokenIntrospector; SearchStrategy: all) found beans of type 'org.springframework.security.authentication.AuthenticationManager' authenticationManagerBean and found beans of type 'org.springframework.security.core.userdetails.UserDetailsService' jwtUserDetailsService (OnBeanCondition)
      Matched:
         - @ConditionalOnClass found required class 'org.springframework.security.authentication.AuthenticationManager' (OnClassCondition)

   WebSecurityEnablerConfiguration:
      Did not match:
         - @ConditionalOnMissingBean (names: springSecurityFilterChain; SearchStrategy: all) found beans named springSecurityFilterChain (OnBeanCondition)
      Matched:
         - found 'session' scope (OnWebApplicationCondition)


Exclusions:
-----------

    None


Unconditional classes:
----------------------

    None



2020-08-20 23:15:00,980 INFO org.springframework.scheduling.concurrent.ExecutorConfigurationSupport [SpringContextShutdownHook] Shutting down ExecutorService 'applicationTaskExecutor'
2020-08-20 23:15:22,361 INFO org.springframework.boot.StartupInfoLogger [restartedMain] Starting SpringBootMainApplication on INM20228 with PID 25840 (C:\Projects\MyProjects\Mongo\target\classes started by ks5 in C:\Projects\MyProjects\Mongo)
2020-08-20 23:15:22,369 INFO org.springframework.boot.SpringApplication [restartedMain] No active profile set, falling back to default profiles: default
2020-08-20 23:15:22,530 INFO org.springframework.boot.logging.DeferredLog [restartedMain] Devtools property defaults active! Set 'spring.devtools.add-properties' to 'false' to disable
2020-08-20 23:15:22,531 INFO org.springframework.boot.logging.DeferredLog [restartedMain] For additional web related logging consider setting the 'logging.level.web' property to 'DEBUG'
2020-08-20 23:15:26,188 INFO org.springframework.data.repository.config.RepositoryConfigurationDelegate [restartedMain] Bootstrapping Spring Data MongoDB repositories in DEFAULT mode.
2020-08-20 23:15:26,426 INFO org.springframework.data.repository.config.RepositoryConfigurationDelegate [restartedMain] Finished Spring Data repository scanning in 223ms. Found 1 MongoDB repository interfaces.
2020-08-20 23:15:27,124 INFO org.springframework.context.support.PostProcessorRegistrationDelegate$BeanPostProcessorChecker [restartedMain] Bean 'org.springframework.security.access.expression.method.DefaultMethodSecurityExpressionHandler@f4157d4' of type [org.springframework.security.access.expression.method.DefaultMethodSecurityExpressionHandler] is not eligible for getting processed by all BeanPostProcessors (for example: not eligible for auto-proxying)
2020-08-20 23:15:27,132 INFO org.springframework.context.support.PostProcessorRegistrationDelegate$BeanPostProcessorChecker [restartedMain] Bean 'methodSecurityMetadataSource' of type [org.springframework.security.access.method.DelegatingMethodSecurityMetadataSource] is not eligible for getting processed by all BeanPostProcessors (for example: not eligible for auto-proxying)
2020-08-20 23:15:29,110 INFO org.springframework.boot.web.embedded.tomcat.TomcatWebServer [restartedMain] Tomcat initialized with port(s): 8080 (http)
2020-08-20 23:15:29,137 INFO org.apache.juli.logging.DirectJDKLog [restartedMain] Initializing ProtocolHandler ["http-nio-8080"]
2020-08-20 23:15:29,141 INFO org.apache.juli.logging.DirectJDKLog [restartedMain] Starting service [Tomcat]
2020-08-20 23:15:29,143 INFO org.apache.juli.logging.DirectJDKLog [restartedMain] Starting Servlet engine: [Apache Tomcat/9.0.37]
2020-08-20 23:15:29,507 INFO org.apache.juli.logging.DirectJDKLog [restartedMain] Initializing Spring embedded WebApplicationContext
2020-08-20 23:15:29,507 INFO org.springframework.boot.web.servlet.context.ServletWebServerApplicationContext [restartedMain] Root WebApplicationContext: initialization completed in 6976 ms
2020-08-20 23:15:30,681 INFO com.mongodb.diagnostics.logging.SLF4JLogger [restartedMain] Cluster created with settings {hosts=[localhost:27017], mode=SINGLE, requiredClusterType=UNKNOWN, serverSelectionTimeout='30000 ms'}
2020-08-20 23:15:30,861 INFO com.mongodb.diagnostics.logging.SLF4JLogger [cluster-ClusterId{value='5f3eb6baaf2c416d9437ecbb', description='null'}-localhost:27017] Opened connection [connectionId{localValue:1, serverValue:25}] to localhost:27017
2020-08-20 23:15:30,874 INFO com.mongodb.diagnostics.logging.SLF4JLogger [cluster-ClusterId{value='5f3eb6baaf2c416d9437ecbb', description='null'}-localhost:27017] Monitor thread successfully connected to server with description ServerDescription{address=localhost:27017, type=STANDALONE, state=CONNECTED, ok=true, minWireVersion=0, maxWireVersion=9, maxDocumentSize=16777216, logicalSessionTimeoutMinutes=30, roundTripTimeNanos=7526700}
2020-08-20 23:15:31,341 INFO org.springframework.boot.devtools.autoconfigure.OptionalLiveReloadServer [restartedMain] LiveReload server is running on port 35729
2020-08-20 23:15:33,190 INFO org.springframework.boot.actuate.endpoint.web.EndpointLinksResolver [restartedMain] Exposing 13 endpoint(s) beneath base path '/actuator'
2020-08-20 23:15:33,502 INFO springfox.documentation.spring.web.PropertySourcedRequestMappingHandlerMapping [restartedMain] Mapped URL path [/v2/api-docs] onto method [springfox.documentation.swagger2.web.Swagger2Controller#getDocumentation(String, HttpServletRequest)]
2020-08-20 23:15:34,173 INFO org.springframework.security.web.DefaultSecurityFilterChain [restartedMain] Creating filter chain: Mvc [pattern='/**', OPTIONS], []
2020-08-20 23:15:34,174 INFO org.springframework.security.web.DefaultSecurityFilterChain [restartedMain] Creating filter chain: Mvc [pattern='/swagger-ui.html/**'], []
2020-08-20 23:15:34,175 INFO org.springframework.security.web.DefaultSecurityFilterChain [restartedMain] Creating filter chain: Mvc [pattern='/configuration/**'], []
2020-08-20 23:15:34,176 INFO org.springframework.security.web.DefaultSecurityFilterChain [restartedMain] Creating filter chain: Mvc [pattern='/swagger-resources/**'], []
2020-08-20 23:15:34,178 INFO org.springframework.security.web.DefaultSecurityFilterChain [restartedMain] Creating filter chain: Mvc [pattern='/v2/api-docs'], []
2020-08-20 23:15:34,179 INFO org.springframework.security.web.DefaultSecurityFilterChain [restartedMain] Creating filter chain: Mvc [pattern='/webjars/**'], []
2020-08-20 23:15:34,265 INFO org.springframework.security.web.DefaultSecurityFilterChain [restartedMain] Creating filter chain: any request, [org.springframework.security.web.context.request.async.WebAsyncManagerIntegrationFilter@18cf9d9b, org.springframework.security.web.context.SecurityContextPersistenceFilter@76fc8ded, org.springframework.security.web.header.HeaderWriterFilter@2e417f07, org.springframework.security.web.authentication.logout.LogoutFilter@6f7e8100, com.retail.loyalty.security.filter.JwtRequestFilter@43431ce5, org.springframework.security.web.savedrequest.RequestCacheAwareFilter@49f48193, org.springframework.security.web.servletapi.SecurityContextHolderAwareRequestFilter@31252a6d, org.springframework.security.web.authentication.AnonymousAuthenticationFilter@78fb0253, org.springframework.security.web.session.SessionManagementFilter@25d3d1aa, org.springframework.security.web.access.ExceptionTranslationFilter@63fe2dc, org.springframework.security.web.access.intercept.FilterSecurityInterceptor@794f6f75]
2020-08-20 23:15:34,398 INFO org.springframework.scheduling.concurrent.ExecutorConfigurationSupport [restartedMain] Initializing ExecutorService 'applicationTaskExecutor'
2020-08-20 23:15:34,873 INFO org.apache.juli.logging.DirectJDKLog [restartedMain] Starting ProtocolHandler ["http-nio-8080"]
2020-08-20 23:15:34,928 INFO org.springframework.boot.web.embedded.tomcat.TomcatWebServer [restartedMain] Tomcat started on port(s): 8080 (http) with context path ''
2020-08-20 23:15:34,930 INFO springfox.documentation.spring.web.plugins.DocumentationPluginsBootstrapper [restartedMain] Context refreshed
2020-08-20 23:15:35,005 INFO springfox.documentation.spring.web.plugins.DocumentationPluginsBootstrapper [restartedMain] Found 1 custom documentation plugin(s)
2020-08-20 23:15:35,080 INFO springfox.documentation.spring.web.scanners.ApiListingReferenceScanner [restartedMain] Scanning for api listing references
2020-08-20 23:15:35,307 INFO springfox.documentation.spring.web.readers.operation.CachingOperationNameGenerator [restartedMain] Generating unique operation named: Add Customer_1
2020-08-20 23:15:35,316 INFO springfox.documentation.spring.web.readers.operation.CachingOperationNameGenerator [restartedMain] Generating unique operation named: Add Customer_2
2020-08-20 23:15:35,325 INFO springfox.documentation.spring.web.readers.operation.CachingOperationNameGenerator [restartedMain] Generating unique operation named: Add Customer_3
2020-08-20 23:15:35,389 INFO org.springframework.boot.StartupInfoLogger [restartedMain] Started SpringBootMainApplication in 14.637 seconds (JVM running for 16.508)
2020-08-20 23:15:44,067 INFO org.apache.juli.logging.DirectJDKLog [http-nio-8080-exec-1] Initializing Spring DispatcherServlet 'dispatcherServlet'
2020-08-20 23:15:44,069 INFO org.springframework.web.servlet.FrameworkServlet [http-nio-8080-exec-1] Initializing Servlet 'dispatcherServlet'
2020-08-20 23:15:44,095 INFO org.springframework.web.servlet.FrameworkServlet [http-nio-8080-exec-1] Completed initialization in 25 ms
2020-08-20 23:15:44,235 WARN com.retail.loyalty.security.filter.JwtRequestFilter [http-nio-8080-exec-1] JWT Token does not begin with Bearer String
2020-08-20 23:15:44,345 WARN com.retail.loyalty.security.filter.JwtRequestFilter [http-nio-8080-exec-1] JWT Token does not begin with Bearer String
2020-08-20 23:15:44,543 WARN com.retail.loyalty.security.filter.JwtRequestFilter [http-nio-8080-exec-4] JWT Token does not begin with Bearer String
2020-08-20 23:15:44,544 WARN com.retail.loyalty.security.filter.JwtRequestFilter [http-nio-8080-exec-3] JWT Token does not begin with Bearer String
2020-08-20 23:15:44,595 WARN com.retail.loyalty.security.filter.JwtRequestFilter [http-nio-8080-exec-3] JWT Token does not begin with Bearer String
2020-08-20 23:15:44,612 WARN com.retail.loyalty.security.filter.JwtRequestFilter [http-nio-8080-exec-5] JWT Token does not begin with Bearer String
2020-08-20 23:15:44,666 WARN com.retail.loyalty.security.filter.JwtRequestFilter [http-nio-8080-exec-2] JWT Token does not begin with Bearer String
2020-08-20 23:15:45,469 WARN com.retail.loyalty.security.filter.JwtRequestFilter [http-nio-8080-exec-7] JWT Token does not begin with Bearer String
2020-08-20 23:15:45,659 WARN com.retail.loyalty.security.filter.JwtRequestFilter [http-nio-8080-exec-8] JWT Token does not begin with Bearer String
2020-08-20 23:15:45,695 WARN com.retail.loyalty.security.filter.JwtRequestFilter [http-nio-8080-exec-9] JWT Token does not begin with Bearer String
2020-08-20 23:15:45,799 WARN com.retail.loyalty.security.filter.JwtRequestFilter [http-nio-8080-exec-10] JWT Token does not begin with Bearer String
2020-08-20 23:15:45,844 WARN com.retail.loyalty.security.filter.JwtRequestFilter [http-nio-8080-exec-1] JWT Token does not begin with Bearer String
2020-08-20 23:15:46,244 WARN com.retail.loyalty.security.filter.JwtRequestFilter [http-nio-8080-exec-4] JWT Token does not begin with Bearer String
2020-08-20 23:15:46,246 WARN com.retail.loyalty.security.filter.JwtRequestFilter [http-nio-8080-exec-3] JWT Token does not begin with Bearer String
2020-08-20 23:15:51,214 WARN com.retail.loyalty.security.filter.JwtRequestFilter [http-nio-8080-exec-6] JWT Token does not begin with Bearer String
2020-08-20 23:15:52,802 WARN com.retail.loyalty.security.filter.JwtRequestFilter [http-nio-8080-exec-5] JWT Token does not begin with Bearer String
2020-08-20 23:17:11,292 INFO org.springframework.boot.StartupInfoLogger [restartedMain] Starting SpringBootMainApplication on INM20228 with PID 25732 (C:\Projects\MyProjects\Mongo\target\classes started by ks5 in C:\Projects\MyProjects\Mongo)
2020-08-20 23:17:11,304 INFO org.springframework.boot.SpringApplication [restartedMain] No active profile set, falling back to default profiles: default
2020-08-20 23:17:11,426 INFO org.springframework.boot.logging.DeferredLog [restartedMain] Devtools property defaults active! Set 'spring.devtools.add-properties' to 'false' to disable
2020-08-20 23:17:11,427 INFO org.springframework.boot.logging.DeferredLog [restartedMain] For additional web related logging consider setting the 'logging.level.web' property to 'DEBUG'
2020-08-20 23:17:17,426 INFO org.springframework.data.repository.config.RepositoryConfigurationDelegate [restartedMain] Bootstrapping Spring Data MongoDB repositories in DEFAULT mode.
2020-08-20 23:17:17,664 INFO org.springframework.data.repository.config.RepositoryConfigurationDelegate [restartedMain] Finished Spring Data repository scanning in 225ms. Found 1 MongoDB repository interfaces.
2020-08-20 23:17:18,814 INFO org.springframework.context.support.PostProcessorRegistrationDelegate$BeanPostProcessorChecker [restartedMain] Bean 'org.springframework.security.access.expression.method.DefaultMethodSecurityExpressionHandler@3c076c9c' of type [org.springframework.security.access.expression.method.DefaultMethodSecurityExpressionHandler] is not eligible for getting processed by all BeanPostProcessors (for example: not eligible for auto-proxying)
2020-08-20 23:17:18,833 INFO org.springframework.context.support.PostProcessorRegistrationDelegate$BeanPostProcessorChecker [restartedMain] Bean 'methodSecurityMetadataSource' of type [org.springframework.security.access.method.DelegatingMethodSecurityMetadataSource] is not eligible for getting processed by all BeanPostProcessors (for example: not eligible for auto-proxying)
2020-08-20 23:17:20,948 INFO org.springframework.boot.web.embedded.tomcat.TomcatWebServer [restartedMain] Tomcat initialized with port(s): 8080 (http)
2020-08-20 23:17:20,974 INFO org.apache.juli.logging.DirectJDKLog [restartedMain] Initializing ProtocolHandler ["http-nio-8080"]
2020-08-20 23:17:20,975 INFO org.apache.juli.logging.DirectJDKLog [restartedMain] Starting service [Tomcat]
2020-08-20 23:17:20,976 INFO org.apache.juli.logging.DirectJDKLog [restartedMain] Starting Servlet engine: [Apache Tomcat/9.0.37]
2020-08-20 23:17:21,328 INFO org.apache.juli.logging.DirectJDKLog [restartedMain] Initializing Spring embedded WebApplicationContext
2020-08-20 23:17:21,329 INFO org.springframework.boot.web.servlet.context.ServletWebServerApplicationContext [restartedMain] Root WebApplicationContext: initialization completed in 9901 ms
2020-08-20 23:17:22,387 INFO com.mongodb.diagnostics.logging.SLF4JLogger [restartedMain] Cluster created with settings {hosts=[localhost:27017], mode=SINGLE, requiredClusterType=UNKNOWN, serverSelectionTimeout='30000 ms'}
2020-08-20 23:17:22,549 INFO com.mongodb.diagnostics.logging.SLF4JLogger [cluster-ClusterId{value='5f3eb72a8fb2a43018d26285', description='null'}-localhost:27017] Opened connection [connectionId{localValue:1, serverValue:26}] to localhost:27017
2020-08-20 23:17:22,562 INFO com.mongodb.diagnostics.logging.SLF4JLogger [cluster-ClusterId{value='5f3eb72a8fb2a43018d26285', description='null'}-localhost:27017] Monitor thread successfully connected to server with description ServerDescription{address=localhost:27017, type=STANDALONE, state=CONNECTED, ok=true, minWireVersion=0, maxWireVersion=9, maxDocumentSize=16777216, logicalSessionTimeoutMinutes=30, roundTripTimeNanos=7524100}
2020-08-20 23:17:22,950 INFO org.springframework.boot.devtools.autoconfigure.OptionalLiveReloadServer [restartedMain] LiveReload server is running on port 35729
2020-08-20 23:17:24,663 INFO org.springframework.boot.actuate.endpoint.web.EndpointLinksResolver [restartedMain] Exposing 13 endpoint(s) beneath base path '/actuator'
2020-08-20 23:17:24,934 INFO springfox.documentation.spring.web.PropertySourcedRequestMappingHandlerMapping [restartedMain] Mapped URL path [/v2/api-docs] onto method [springfox.documentation.swagger2.web.Swagger2Controller#getDocumentation(String, HttpServletRequest)]
2020-08-20 23:17:25,425 INFO org.springframework.security.web.DefaultSecurityFilterChain [restartedMain] Creating filter chain: Mvc [pattern='/**', OPTIONS], []
2020-08-20 23:17:25,426 INFO org.springframework.security.web.DefaultSecurityFilterChain [restartedMain] Creating filter chain: Mvc [pattern='/swagger-ui.html/**'], []
2020-08-20 23:17:25,427 INFO org.springframework.security.web.DefaultSecurityFilterChain [restartedMain] Creating filter chain: Mvc [pattern='/configuration/**'], []
2020-08-20 23:17:25,427 INFO org.springframework.security.web.DefaultSecurityFilterChain [restartedMain] Creating filter chain: Mvc [pattern='/swagger-resources/**'], []
2020-08-20 23:17:25,428 INFO org.springframework.security.web.DefaultSecurityFilterChain [restartedMain] Creating filter chain: Mvc [pattern='/v2/api-docs'], []
2020-08-20 23:17:25,428 INFO org.springframework.security.web.DefaultSecurityFilterChain [restartedMain] Creating filter chain: Mvc [pattern='/webjars/**'], []
2020-08-20 23:17:25,499 INFO org.springframework.security.web.DefaultSecurityFilterChain [restartedMain] Creating filter chain: any request, [org.springframework.security.web.context.request.async.WebAsyncManagerIntegrationFilter@793b31da, org.springframework.security.web.context.SecurityContextPersistenceFilter@eae3293, org.springframework.security.web.header.HeaderWriterFilter@2fc82e51, org.springframework.security.web.authentication.logout.LogoutFilter@24780f70, com.retail.loyalty.security.filter.JwtRequestFilter@7eacbe00, org.springframework.security.web.savedrequest.RequestCacheAwareFilter@53bd5bc8, org.springframework.security.web.servletapi.SecurityContextHolderAwareRequestFilter@1d0adc10, org.springframework.security.web.authentication.AnonymousAuthenticationFilter@30ee3e49, org.springframework.security.web.session.SessionManagementFilter@7c60d62c, org.springframework.security.web.access.ExceptionTranslationFilter@2c81dc6d, org.springframework.security.web.access.intercept.FilterSecurityInterceptor@d8637c2]
2020-08-20 23:17:25,618 INFO org.springframework.scheduling.concurrent.ExecutorConfigurationSupport [restartedMain] Initializing ExecutorService 'applicationTaskExecutor'
2020-08-20 23:17:25,965 INFO org.apache.juli.logging.DirectJDKLog [restartedMain] Starting ProtocolHandler ["http-nio-8080"]
2020-08-20 23:17:26,017 INFO org.springframework.boot.web.embedded.tomcat.TomcatWebServer [restartedMain] Tomcat started on port(s): 8080 (http) with context path ''
2020-08-20 23:17:26,020 INFO springfox.documentation.spring.web.plugins.DocumentationPluginsBootstrapper [restartedMain] Context refreshed
2020-08-20 23:17:26,090 INFO springfox.documentation.spring.web.plugins.DocumentationPluginsBootstrapper [restartedMain] Found 1 custom documentation plugin(s)
2020-08-20 23:17:26,194 INFO springfox.documentation.spring.web.scanners.ApiListingReferenceScanner [restartedMain] Scanning for api listing references
2020-08-20 23:17:26,483 INFO springfox.documentation.spring.web.readers.operation.CachingOperationNameGenerator [restartedMain] Generating unique operation named: Add Customer_1
2020-08-20 23:17:26,493 INFO springfox.documentation.spring.web.readers.operation.CachingOperationNameGenerator [restartedMain] Generating unique operation named: Add Customer_2
2020-08-20 23:17:26,500 INFO springfox.documentation.spring.web.readers.operation.CachingOperationNameGenerator [restartedMain] Generating unique operation named: Add Customer_3
2020-08-20 23:17:26,589 INFO org.springframework.boot.StartupInfoLogger [restartedMain] Started SpringBootMainApplication in 17.889 seconds (JVM running for 19.405)
2020-08-20 23:17:47,208 INFO org.apache.juli.logging.DirectJDKLog [http-nio-8080-exec-1] Initializing Spring DispatcherServlet 'dispatcherServlet'
2020-08-20 23:17:47,212 INFO org.springframework.web.servlet.FrameworkServlet [http-nio-8080-exec-1] Initializing Servlet 'dispatcherServlet'
2020-08-20 23:17:47,244 INFO org.springframework.web.servlet.FrameworkServlet [http-nio-8080-exec-1] Completed initialization in 30 ms
2020-08-20 23:17:47,317 WARN com.retail.loyalty.security.filter.JwtRequestFilter [http-nio-8080-exec-1] JWT Token does not begin with Bearer String
2020-08-20 23:17:47,454 WARN com.retail.loyalty.security.filter.JwtRequestFilter [http-nio-8080-exec-4] JWT Token does not begin with Bearer String
2020-08-20 23:17:47,485 WARN com.retail.loyalty.security.filter.JwtRequestFilter [http-nio-8080-exec-5] JWT Token does not begin with Bearer String
2020-08-20 23:17:47,494 WARN com.retail.loyalty.security.filter.JwtRequestFilter [http-nio-8080-exec-3] JWT Token does not begin with Bearer String
2020-08-20 23:17:47,490 WARN com.retail.loyalty.security.filter.JwtRequestFilter [http-nio-8080-exec-6] JWT Token does not begin with Bearer String
2020-08-20 23:17:47,498 WARN com.retail.loyalty.security.filter.JwtRequestFilter [http-nio-8080-exec-2] JWT Token does not begin with Bearer String
2020-08-20 23:17:48,186 WARN com.retail.loyalty.security.filter.JwtRequestFilter [http-nio-8080-exec-7] JWT Token does not begin with Bearer String
2020-08-20 23:17:48,318 WARN com.retail.loyalty.security.filter.JwtRequestFilter [http-nio-8080-exec-8] JWT Token does not begin with Bearer String
2020-08-20 23:17:48,346 WARN com.retail.loyalty.security.filter.JwtRequestFilter [http-nio-8080-exec-9] JWT Token does not begin with Bearer String
2020-08-20 23:17:48,417 WARN com.retail.loyalty.security.filter.JwtRequestFilter [http-nio-8080-exec-10] JWT Token does not begin with Bearer String
2020-08-20 23:17:48,453 WARN com.retail.loyalty.security.filter.JwtRequestFilter [http-nio-8080-exec-1] JWT Token does not begin with Bearer String
2020-08-20 23:17:49,101 WARN com.retail.loyalty.security.filter.JwtRequestFilter [http-nio-8080-exec-6] JWT Token does not begin with Bearer String
2020-08-20 23:17:49,103 WARN com.retail.loyalty.security.filter.JwtRequestFilter [http-nio-8080-exec-3] JWT Token does not begin with Bearer String
2020-08-20 23:17:49,105 WARN com.retail.loyalty.security.filter.JwtRequestFilter [http-nio-8080-exec-2] JWT Token does not begin with Bearer String
2020-08-20 23:17:49,124 WARN com.retail.loyalty.security.filter.JwtRequestFilter [http-nio-8080-exec-5] JWT Token does not begin with Bearer String
2020-08-20 23:40:48,724 INFO org.springframework.boot.StartupInfoLogger [restartedMain] Starting SpringBootMainApplication on INM20228 with PID 20288 (C:\Projects\MyProjects\Mongo\target\classes started by ks5 in C:\Projects\MyProjects\Mongo)
2020-08-20 23:40:48,739 INFO org.springframework.boot.SpringApplication [restartedMain] No active profile set, falling back to default profiles: default
2020-08-20 23:40:49,021 INFO org.springframework.boot.logging.DeferredLog [restartedMain] The Class-Path manifest attribute in C:\Users\Ks5\.m2\repository\org\glassfish\jaxb\jaxb-runtime\2.3.1\jaxb-runtime-2.3.1.jar referenced one or more files that do not exist: file:/C:/Users/Ks5/.m2/repository/org/glassfish/jaxb/jaxb-runtime/2.3.1/jaxb-api-2.3.1.jar,file:/C:/Users/Ks5/.m2/repository/org/glassfish/jaxb/jaxb-runtime/2.3.1/txw2-2.3.1.jar,file:/C:/Users/Ks5/.m2/repository/org/glassfish/jaxb/jaxb-runtime/2.3.1/istack-commons-runtime-3.0.7.jar,file:/C:/Users/Ks5/.m2/repository/org/glassfish/jaxb/jaxb-runtime/2.3.1/stax-ex-1.8.jar,file:/C:/Users/Ks5/.m2/repository/org/glassfish/jaxb/jaxb-runtime/2.3.1/FastInfoset-1.2.15.jar,file:/C:/Users/Ks5/.m2/repository/org/glassfish/jaxb/jaxb-runtime/2.3.1/javax.activation-api-1.2.0.jar
2020-08-20 23:40:49,023 INFO org.springframework.boot.logging.DeferredLog [restartedMain] Devtools property defaults active! Set 'spring.devtools.add-properties' to 'false' to disable
2020-08-20 23:40:49,025 INFO org.springframework.boot.logging.DeferredLog [restartedMain] For additional web related logging consider setting the 'logging.level.web' property to 'DEBUG'
2020-08-20 23:40:54,641 INFO org.springframework.data.repository.config.RepositoryConfigurationDelegate [restartedMain] Multiple Spring Data modules found, entering strict repository configuration mode!
2020-08-20 23:40:54,650 INFO org.springframework.data.repository.config.RepositoryConfigurationDelegate [restartedMain] Bootstrapping Spring Data MongoDB repositories in DEFAULT mode.
2020-08-20 23:40:54,926 INFO org.springframework.data.repository.config.RepositoryConfigurationDelegate [restartedMain] Finished Spring Data repository scanning in 258ms. Found 1 MongoDB repository interfaces.
2020-08-20 23:40:55,910 INFO org.springframework.context.support.PostProcessorRegistrationDelegate$BeanPostProcessorChecker [restartedMain] Bean 'org.springframework.security.access.expression.method.DefaultMethodSecurityExpressionHandler@199e2bc0' of type [org.springframework.security.access.expression.method.DefaultMethodSecurityExpressionHandler] is not eligible for getting processed by all BeanPostProcessors (for example: not eligible for auto-proxying)
2020-08-20 23:40:55,925 INFO org.springframework.context.support.PostProcessorRegistrationDelegate$BeanPostProcessorChecker [restartedMain] Bean 'methodSecurityMetadataSource' of type [org.springframework.security.access.method.DelegatingMethodSecurityMetadataSource] is not eligible for getting processed by all BeanPostProcessors (for example: not eligible for auto-proxying)
2020-08-20 23:40:58,116 INFO org.springframework.boot.web.embedded.tomcat.TomcatWebServer [restartedMain] Tomcat initialized with port(s): 8080 (http)
2020-08-20 23:40:58,238 INFO org.apache.juli.logging.DirectJDKLog [restartedMain] Initializing ProtocolHandler ["http-nio-8080"]
2020-08-20 23:40:58,239 INFO org.apache.juli.logging.DirectJDKLog [restartedMain] Starting service [Tomcat]
2020-08-20 23:40:58,240 INFO org.apache.juli.logging.DirectJDKLog [restartedMain] Starting Servlet engine: [Apache Tomcat/9.0.37]
2020-08-20 23:40:58,666 INFO org.apache.juli.logging.DirectJDKLog [restartedMain] Initializing Spring embedded WebApplicationContext
2020-08-20 23:40:58,668 INFO org.springframework.boot.web.servlet.context.ServletWebServerApplicationContext [restartedMain] Root WebApplicationContext: initialization completed in 9642 ms
2020-08-20 23:41:00,318 INFO com.mongodb.diagnostics.logging.SLF4JLogger [restartedMain] Cluster created with settings {hosts=[localhost:27017], mode=SINGLE, requiredClusterType=UNKNOWN, serverSelectionTimeout='30000 ms'}
2020-08-20 23:41:00,577 INFO com.mongodb.diagnostics.logging.SLF4JLogger [cluster-ClusterId{value='5f3ebcb49be56e6f2fbdbbdb', description='null'}-localhost:27017] Opened connection [connectionId{localValue:1, serverValue:33}] to localhost:27017
2020-08-20 23:41:00,593 INFO com.mongodb.diagnostics.logging.SLF4JLogger [cluster-ClusterId{value='5f3ebcb49be56e6f2fbdbbdb', description='null'}-localhost:27017] Monitor thread successfully connected to server with description ServerDescription{address=localhost:27017, type=STANDALONE, state=CONNECTED, ok=true, minWireVersion=0, maxWireVersion=9, maxDocumentSize=16777216, logicalSessionTimeoutMinutes=30, roundTripTimeNanos=8082700}
2020-08-20 23:41:01,405 INFO org.springframework.boot.devtools.autoconfigure.OptionalLiveReloadServer [restartedMain] LiveReload server is running on port 35729
2020-08-20 23:41:03,956 INFO org.springframework.boot.actuate.endpoint.web.EndpointLinksResolver [restartedMain] Exposing 13 endpoint(s) beneath base path '/actuator'
2020-08-20 23:41:04,253 INFO springfox.documentation.spring.web.PropertySourcedRequestMappingHandlerMapping [restartedMain] Mapped URL path [/v2/api-docs] onto method [springfox.documentation.swagger2.web.Swagger2Controller#getDocumentation(String, HttpServletRequest)]
2020-08-20 23:41:04,866 INFO org.springframework.security.web.DefaultSecurityFilterChain [restartedMain] Creating filter chain: Mvc [pattern='/**', OPTIONS], []
2020-08-20 23:41:04,867 INFO org.springframework.security.web.DefaultSecurityFilterChain [restartedMain] Creating filter chain: Mvc [pattern='/swagger-ui.html/**'], []
2020-08-20 23:41:04,868 INFO org.springframework.security.web.DefaultSecurityFilterChain [restartedMain] Creating filter chain: Mvc [pattern='/configuration/**'], []
2020-08-20 23:41:04,868 INFO org.springframework.security.web.DefaultSecurityFilterChain [restartedMain] Creating filter chain: Mvc [pattern='/swagger-resources/**'], []
2020-08-20 23:41:04,869 INFO org.springframework.security.web.DefaultSecurityFilterChain [restartedMain] Creating filter chain: Mvc [pattern='/v2/api-docs'], []
2020-08-20 23:41:04,870 INFO org.springframework.security.web.DefaultSecurityFilterChain [restartedMain] Creating filter chain: Mvc [pattern='/webjars/**'], []
2020-08-20 23:41:04,946 INFO org.springframework.security.web.DefaultSecurityFilterChain [restartedMain] Creating filter chain: any request, [org.springframework.security.web.context.request.async.WebAsyncManagerIntegrationFilter@e9dbdc9, org.springframework.security.web.context.SecurityContextPersistenceFilter@6d1a68fc, org.springframework.security.web.header.HeaderWriterFilter@2b287897, org.springframework.security.web.authentication.logout.LogoutFilter@42fb8369, com.retail.loyalty.security.filter.JwtRequestFilter@681a3c7, org.springframework.security.web.savedrequest.RequestCacheAwareFilter@5e281452, org.springframework.security.web.servletapi.SecurityContextHolderAwareRequestFilter@61a0480a, org.springframework.security.web.authentication.AnonymousAuthenticationFilter@671f0f1e, org.springframework.security.web.session.SessionManagementFilter@123d6564, org.springframework.security.web.access.ExceptionTranslationFilter@67c1ca68, org.springframework.security.web.access.intercept.FilterSecurityInterceptor@5cce5c77]
2020-08-20 23:41:05,115 INFO org.springframework.scheduling.concurrent.ExecutorConfigurationSupport [restartedMain] Initializing ExecutorService 'applicationTaskExecutor'
2020-08-20 23:41:05,882 INFO org.apache.juli.logging.DirectJDKLog [restartedMain] Starting ProtocolHandler ["http-nio-8080"]
2020-08-20 23:41:05,986 INFO org.springframework.boot.web.embedded.tomcat.TomcatWebServer [restartedMain] Tomcat started on port(s): 8080 (http) with context path ''
2020-08-20 23:41:05,990 INFO springfox.documentation.spring.web.plugins.DocumentationPluginsBootstrapper [restartedMain] Context refreshed
2020-08-20 23:41:06,065 INFO springfox.documentation.spring.web.plugins.DocumentationPluginsBootstrapper [restartedMain] Found 1 custom documentation plugin(s)
2020-08-20 23:41:06,177 INFO springfox.documentation.spring.web.scanners.ApiListingReferenceScanner [restartedMain] Scanning for api listing references
2020-08-20 23:41:06,599 INFO springfox.documentation.spring.web.readers.operation.CachingOperationNameGenerator [restartedMain] Generating unique operation named: Add Customer_1
2020-08-20 23:41:06,607 INFO springfox.documentation.spring.web.readers.operation.CachingOperationNameGenerator [restartedMain] Generating unique operation named: Add Customer_2
2020-08-20 23:41:06,615 INFO springfox.documentation.spring.web.readers.operation.CachingOperationNameGenerator [restartedMain] Generating unique operation named: Add Customer_3
2020-08-20 23:41:06,716 INFO org.springframework.boot.StartupInfoLogger [restartedMain] Started SpringBootMainApplication in 21.067 seconds (JVM running for 24.177)
2020-08-20 23:49:56,351 INFO org.apache.juli.logging.DirectJDKLog [http-nio-8080-exec-3] Initializing Spring DispatcherServlet 'dispatcherServlet'
2020-08-20 23:49:56,352 INFO org.springframework.web.servlet.FrameworkServlet [http-nio-8080-exec-3] Initializing Servlet 'dispatcherServlet'
2020-08-20 23:49:56,385 INFO org.springframework.web.servlet.FrameworkServlet [http-nio-8080-exec-3] Completed initialization in 32 ms
2020-08-20 23:49:56,479 WARN com.retail.loyalty.security.filter.JwtRequestFilter [http-nio-8080-exec-3] JWT Token does not begin with Bearer String
2020-08-20 23:49:56,658 WARN com.retail.loyalty.security.filter.JwtRequestFilter [http-nio-8080-exec-7] JWT Token does not begin with Bearer String
2020-08-20 23:49:56,676 WARN com.retail.loyalty.security.filter.JwtRequestFilter [http-nio-8080-exec-6] JWT Token does not begin with Bearer String
2020-08-20 23:49:56,681 WARN com.retail.loyalty.security.filter.JwtRequestFilter [http-nio-8080-exec-1] JWT Token does not begin with Bearer String
2020-08-20 23:49:56,681 WARN com.retail.loyalty.security.filter.JwtRequestFilter [http-nio-8080-exec-5] JWT Token does not begin with Bearer String
2020-08-20 23:49:56,710 WARN com.retail.loyalty.security.filter.JwtRequestFilter [http-nio-8080-exec-2] JWT Token does not begin with Bearer String
2020-08-20 23:49:57,272 WARN com.retail.loyalty.security.filter.JwtRequestFilter [http-nio-8080-exec-4] JWT Token does not begin with Bearer String
2020-08-20 23:49:57,428 WARN com.retail.loyalty.security.filter.JwtRequestFilter [http-nio-8080-exec-8] JWT Token does not begin with Bearer String
2020-08-20 23:49:57,455 WARN com.retail.loyalty.security.filter.JwtRequestFilter [http-nio-8080-exec-9] JWT Token does not begin with Bearer String
2020-08-20 23:49:57,549 WARN com.retail.loyalty.security.filter.JwtRequestFilter [http-nio-8080-exec-10] JWT Token does not begin with Bearer String
2020-08-20 23:49:57,585 WARN com.retail.loyalty.security.filter.JwtRequestFilter [http-nio-8080-exec-3] JWT Token does not begin with Bearer String
2020-08-20 23:49:58,212 WARN com.retail.loyalty.security.filter.JwtRequestFilter [http-nio-8080-exec-2] JWT Token does not begin with Bearer String
2020-08-20 23:49:58,212 WARN com.retail.loyalty.security.filter.JwtRequestFilter [http-nio-8080-exec-7] JWT Token does not begin with Bearer String
2020-08-20 23:49:58,214 WARN com.retail.loyalty.security.filter.JwtRequestFilter [http-nio-8080-exec-6] JWT Token does not begin with Bearer String
2020-08-20 23:49:58,217 WARN com.retail.loyalty.security.filter.JwtRequestFilter [http-nio-8080-exec-1] JWT Token does not begin with Bearer String
2020-08-20 23:50:21,403 WARN com.retail.loyalty.security.filter.JwtRequestFilter [http-nio-8080-exec-5] JWT Token does not begin with Bearer String
2020-08-20 23:50:30,648 WARN com.retail.loyalty.security.filter.JwtRequestFilter [http-nio-8080-exec-4] JWT Token does not begin with Bearer String
2020-08-20 23:50:49,194 INFO com.retail.loyalty.service.CustomerServiceImpl [http-nio-8080-exec-8] Service Layer : Processing create customer
2020-08-20 23:50:49,213 INFO com.retail.loyalty.repository.CustomerDaoRepositoryImpl [http-nio-8080-exec-8] Repo Layer : Processing create customer
2020-08-20 23:50:49,608 INFO com.mongodb.diagnostics.logging.SLF4JLogger [http-nio-8080-exec-8] Opened connection [connectionId{localValue:2, serverValue:35}] to localhost:27017
2020-08-20 23:50:49,737 ERROR com.retail.loyalty.repository.CustomerDaoRepositoryImpl [http-nio-8080-exec-8] Repository Layer : Error while creating customer : E11000 duplicate key error collection: loyaltydb.customer index: _id_ dup key: { _id: 0 }; nested exception is com.mongodb.MongoWriteException: E11000 duplicate key error collection: loyaltydb.customer index: _id_ dup key: { _id: 0 }
2020-08-20 23:50:49,740 ERROR com.retail.loyalty.service.CustomerServiceImpl [http-nio-8080-exec-8] Service Layer : Error while creating customer : Repository Layer : Error while creating customer : E11000 duplicate key error collection: loyaltydb.customer index: _id_ dup key: { _id: 0 }; nested exception is com.mongodb.MongoWriteException: E11000 duplicate key error collection: loyaltydb.customer index: _id_ dup key: { _id: 0 }
2020-08-20 23:50:49,753 WARN org.springframework.web.servlet.handler.AbstractHandlerExceptionResolver [http-nio-8080-exec-8] Resolved [com.retail.loyalty.exception.CustomerException: Service Layer : Error while creating customer : Repository Layer : Error while creating customer : E11000 duplicate key error collection: loyaltydb.customer index: _id_ dup key: { _id: 0 }; nested exception is com.mongodb.MongoWriteException: E11000 duplicate key error collection: loyaltydb.customer index: _id_ dup key: { _id: 0 }]
2020-08-20 23:51:00,465 INFO com.retail.loyalty.service.CustomerServiceImpl [http-nio-8080-exec-2] Service Layer : Processing create customer
2020-08-20 23:51:00,466 INFO com.retail.loyalty.repository.CustomerDaoRepositoryImpl [http-nio-8080-exec-2] Repo Layer : Processing create customer
2020-08-20 23:53:17,161 INFO org.springframework.boot.StartupInfoLogger [restartedMain] Starting SpringBootMainApplication on INM20228 with PID 34648 (C:\Projects\MyProjects\Mongo\target\classes started by ks5 in C:\Projects\MyProjects\Mongo)
2020-08-20 23:53:17,168 INFO org.springframework.boot.SpringApplication [restartedMain] No active profile set, falling back to default profiles: default
2020-08-20 23:53:17,338 INFO org.springframework.boot.logging.DeferredLog [restartedMain] The Class-Path manifest attribute in C:\Users\Ks5\.m2\repository\org\glassfish\jaxb\jaxb-runtime\2.3.1\jaxb-runtime-2.3.1.jar referenced one or more files that do not exist: file:/C:/Users/Ks5/.m2/repository/org/glassfish/jaxb/jaxb-runtime/2.3.1/jaxb-api-2.3.1.jar,file:/C:/Users/Ks5/.m2/repository/org/glassfish/jaxb/jaxb-runtime/2.3.1/txw2-2.3.1.jar,file:/C:/Users/Ks5/.m2/repository/org/glassfish/jaxb/jaxb-runtime/2.3.1/istack-commons-runtime-3.0.7.jar,file:/C:/Users/Ks5/.m2/repository/org/glassfish/jaxb/jaxb-runtime/2.3.1/stax-ex-1.8.jar,file:/C:/Users/Ks5/.m2/repository/org/glassfish/jaxb/jaxb-runtime/2.3.1/FastInfoset-1.2.15.jar,file:/C:/Users/Ks5/.m2/repository/org/glassfish/jaxb/jaxb-runtime/2.3.1/javax.activation-api-1.2.0.jar
2020-08-20 23:53:17,340 INFO org.springframework.boot.logging.DeferredLog [restartedMain] Devtools property defaults active! Set 'spring.devtools.add-properties' to 'false' to disable
2020-08-20 23:53:17,341 INFO org.springframework.boot.logging.DeferredLog [restartedMain] For additional web related logging consider setting the 'logging.level.web' property to 'DEBUG'
2020-08-20 23:53:21,310 INFO org.springframework.data.repository.config.RepositoryConfigurationDelegate [restartedMain] Multiple Spring Data modules found, entering strict repository configuration mode!
2020-08-20 23:53:21,313 INFO org.springframework.data.repository.config.RepositoryConfigurationDelegate [restartedMain] Bootstrapping Spring Data MongoDB repositories in DEFAULT mode.
2020-08-20 23:53:21,620 INFO org.springframework.data.repository.config.RepositoryConfigurationDelegate [restartedMain] Finished Spring Data repository scanning in 295ms. Found 1 MongoDB repository interfaces.
2020-08-20 23:53:22,680 INFO org.springframework.context.support.PostProcessorRegistrationDelegate$BeanPostProcessorChecker [restartedMain] Bean 'org.springframework.security.access.expression.method.DefaultMethodSecurityExpressionHandler@506470d4' of type [org.springframework.security.access.expression.method.DefaultMethodSecurityExpressionHandler] is not eligible for getting processed by all BeanPostProcessors (for example: not eligible for auto-proxying)
2020-08-20 23:53:22,702 INFO org.springframework.context.support.PostProcessorRegistrationDelegate$BeanPostProcessorChecker [restartedMain] Bean 'methodSecurityMetadataSource' of type [org.springframework.security.access.method.DelegatingMethodSecurityMetadataSource] is not eligible for getting processed by all BeanPostProcessors (for example: not eligible for auto-proxying)
2020-08-20 23:53:26,387 INFO org.springframework.boot.web.embedded.tomcat.TomcatWebServer [restartedMain] Tomcat initialized with port(s): 8080 (http)
2020-08-20 23:53:26,545 INFO org.apache.juli.logging.DirectJDKLog [restartedMain] Initializing ProtocolHandler ["http-nio-8080"]
2020-08-20 23:53:26,547 INFO org.apache.juli.logging.DirectJDKLog [restartedMain] Starting service [Tomcat]
2020-08-20 23:53:26,548 INFO org.apache.juli.logging.DirectJDKLog [restartedMain] Starting Servlet engine: [Apache Tomcat/9.0.37]
2020-08-20 23:53:27,128 INFO org.apache.juli.logging.DirectJDKLog [restartedMain] Initializing Spring embedded WebApplicationContext
2020-08-20 23:53:27,130 INFO org.springframework.boot.web.servlet.context.ServletWebServerApplicationContext [restartedMain] Root WebApplicationContext: initialization completed in 9788 ms
2020-08-20 23:53:28,914 INFO com.mongodb.diagnostics.logging.SLF4JLogger [restartedMain] Cluster created with settings {hosts=[localhost:27017], mode=SINGLE, requiredClusterType=UNKNOWN, serverSelectionTimeout='30000 ms'}
2020-08-20 23:53:29,375 INFO com.mongodb.diagnostics.logging.SLF4JLogger [cluster-ClusterId{value='5f3ebfa0b699790d4459af69', description='null'}-localhost:27017] Opened connection [connectionId{localValue:1, serverValue:36}] to localhost:27017
2020-08-20 23:53:29,451 INFO com.mongodb.diagnostics.logging.SLF4JLogger [cluster-ClusterId{value='5f3ebfa0b699790d4459af69', description='null'}-localhost:27017] Monitor thread successfully connected to server with description ServerDescription{address=localhost:27017, type=STANDALONE, state=CONNECTED, ok=true, minWireVersion=0, maxWireVersion=9, maxDocumentSize=16777216, logicalSessionTimeoutMinutes=30, roundTripTimeNanos=30681500}
2020-08-20 23:53:30,128 INFO org.springframework.boot.devtools.autoconfigure.OptionalLiveReloadServer [restartedMain] LiveReload server is running on port 35729
2020-08-20 23:53:33,453 INFO org.springframework.boot.actuate.endpoint.web.EndpointLinksResolver [restartedMain] Exposing 13 endpoint(s) beneath base path '/actuator'
2020-08-20 23:53:33,838 INFO springfox.documentation.spring.web.PropertySourcedRequestMappingHandlerMapping [restartedMain] Mapped URL path [/v2/api-docs] onto method [springfox.documentation.swagger2.web.Swagger2Controller#getDocumentation(String, HttpServletRequest)]
2020-08-20 23:53:34,855 INFO org.springframework.security.web.DefaultSecurityFilterChain [restartedMain] Creating filter chain: Mvc [pattern='/**', OPTIONS], []
2020-08-20 23:53:34,859 INFO org.springframework.security.web.DefaultSecurityFilterChain [restartedMain] Creating filter chain: Mvc [pattern='/swagger-ui.html/**'], []
2020-08-20 23:53:34,860 INFO org.springframework.security.web.DefaultSecurityFilterChain [restartedMain] Creating filter chain: Mvc [pattern='/configuration/**'], []
2020-08-20 23:53:34,861 INFO org.springframework.security.web.DefaultSecurityFilterChain [restartedMain] Creating filter chain: Mvc [pattern='/swagger-resources/**'], []
2020-08-20 23:53:34,862 INFO org.springframework.security.web.DefaultSecurityFilterChain [restartedMain] Creating filter chain: Mvc [pattern='/v2/api-docs'], []
2020-08-20 23:53:34,862 INFO org.springframework.security.web.DefaultSecurityFilterChain [restartedMain] Creating filter chain: Mvc [pattern='/webjars/**'], []
2020-08-20 23:53:35,069 INFO org.springframework.security.web.DefaultSecurityFilterChain [restartedMain] Creating filter chain: any request, [org.springframework.security.web.context.request.async.WebAsyncManagerIntegrationFilter@67b5b517, org.springframework.security.web.context.SecurityContextPersistenceFilter@5f24b80c, org.springframework.security.web.header.HeaderWriterFilter@359dee55, org.springframework.security.web.authentication.logout.LogoutFilter@6bf3b0f6, com.retail.loyalty.security.filter.JwtRequestFilter@69161e51, org.springframework.security.web.savedrequest.RequestCacheAwareFilter@5c05c2cd, org.springframework.security.web.servletapi.SecurityContextHolderAwareRequestFilter@44c4a9ae, org.springframework.security.web.authentication.AnonymousAuthenticationFilter@6f0c1686, org.springframework.security.web.session.SessionManagementFilter@5ae807a9, org.springframework.security.web.access.ExceptionTranslationFilter@1ffbd911, org.springframework.security.web.access.intercept.FilterSecurityInterceptor@2e2ea41]
2020-08-20 23:53:35,421 INFO org.springframework.scheduling.concurrent.ExecutorConfigurationSupport [restartedMain] Initializing ExecutorService 'applicationTaskExecutor'
2020-08-20 23:53:35,943 INFO org.apache.juli.logging.DirectJDKLog [restartedMain] Starting ProtocolHandler ["http-nio-8080"]
2020-08-20 23:53:36,015 INFO org.springframework.boot.web.embedded.tomcat.TomcatWebServer [restartedMain] Tomcat started on port(s): 8080 (http) with context path ''
2020-08-20 23:53:36,021 INFO springfox.documentation.spring.web.plugins.DocumentationPluginsBootstrapper [restartedMain] Context refreshed
2020-08-20 23:53:36,082 INFO springfox.documentation.spring.web.plugins.DocumentationPluginsBootstrapper [restartedMain] Found 1 custom documentation plugin(s)
2020-08-20 23:53:36,171 INFO springfox.documentation.spring.web.scanners.ApiListingReferenceScanner [restartedMain] Scanning for api listing references
2020-08-20 23:53:36,495 INFO springfox.documentation.spring.web.readers.operation.CachingOperationNameGenerator [restartedMain] Generating unique operation named: Add Customer_1
2020-08-20 23:53:36,503 INFO springfox.documentation.spring.web.readers.operation.CachingOperationNameGenerator [restartedMain] Generating unique operation named: Add Customer_2
2020-08-20 23:53:36,511 INFO springfox.documentation.spring.web.readers.operation.CachingOperationNameGenerator [restartedMain] Generating unique operation named: Add Customer_3
2020-08-20 23:53:36,582 INFO org.springframework.boot.StartupInfoLogger [restartedMain] Started SpringBootMainApplication in 21.693 seconds (JVM running for 25.243)
2020-08-20 23:54:03,592 INFO org.apache.juli.logging.DirectJDKLog [http-nio-8080-exec-1] Initializing Spring DispatcherServlet 'dispatcherServlet'
2020-08-20 23:54:03,593 INFO org.springframework.web.servlet.FrameworkServlet [http-nio-8080-exec-1] Initializing Servlet 'dispatcherServlet'
2020-08-20 23:54:03,610 INFO org.springframework.web.servlet.FrameworkServlet [http-nio-8080-exec-1] Completed initialization in 17 ms
2020-08-20 23:54:05,089 INFO com.retail.loyalty.service.CustomerServiceImpl [http-nio-8080-exec-1] Service Layer : Processing create customer
2020-08-20 23:54:05,107 INFO com.retail.loyalty.repository.CustomerDaoRepositoryImpl [http-nio-8080-exec-1] Repo Layer : Processing create customer
2020-08-20 23:54:05,451 INFO com.mongodb.diagnostics.logging.SLF4JLogger [http-nio-8080-exec-1] Opened connection [connectionId{localValue:2, serverValue:37}] to localhost:27017
2020-08-20 23:54:05,538 ERROR com.retail.loyalty.repository.CustomerDaoRepositoryImpl [http-nio-8080-exec-1] Repository Layer : Error while creating customer : E11000 duplicate key error collection: loyaltydb.customer index: _id_ dup key: { _id: 0 }; nested exception is com.mongodb.MongoWriteException: E11000 duplicate key error collection: loyaltydb.customer index: _id_ dup key: { _id: 0 }
2020-08-20 23:54:05,539 ERROR com.retail.loyalty.service.CustomerServiceImpl [http-nio-8080-exec-1] Service Layer : Error while creating customer : Repository Layer : Error while creating customer : E11000 duplicate key error collection: loyaltydb.customer index: _id_ dup key: { _id: 0 }; nested exception is com.mongodb.MongoWriteException: E11000 duplicate key error collection: loyaltydb.customer index: _id_ dup key: { _id: 0 }
2020-08-20 23:54:05,604 WARN org.springframework.web.servlet.handler.AbstractHandlerExceptionResolver [http-nio-8080-exec-1] Resolved [com.retail.loyalty.exception.CustomerException: Service Layer : Error while creating customer : Repository Layer : Error while creating customer : E11000 duplicate key error collection: loyaltydb.customer index: _id_ dup key: { _id: 0 }; nested exception is com.mongodb.MongoWriteException: E11000 duplicate key error collection: loyaltydb.customer index: _id_ dup key: { _id: 0 }]
